build/app/intermediates/manifest_merge_blame_file/release/manifest-merger-blame-release-report.txt
1<?xml version="1.0" encoding="utf-8"?>
2<manifest xmlns:android="http://schemas.android.com/apk/res/android"
3    package="com.project.aovipos"
4    android:versionCode="10"
5    android:versionName="0.2.2" >
6
7    <uses-sdk
8        android:minSdkVersion="21"
8-->src\main\AndroidManifest.xml
9        android:targetSdkVersion="31" />
9-->src\main\AndroidManifest.xml
10
11    <uses-permission android:name="android.permission.INTERNET" />
11-->src\main\AndroidManifest.xml:2:3-65
11-->src\main\AndroidManifest.xml:2:20-62
12    <uses-permission android:name="android.permission.RECEIVE_BOOT_COMPLETED" />
12-->src\main\AndroidManifest.xml:3:3-79
12-->src\main\AndroidManifest.xml:3:20-76
13    <uses-permission android:name="android.permission.BLUETOOTH" />
13-->src\main\AndroidManifest.xml:4:3-66
13-->src\main\AndroidManifest.xml:4:20-63
14    <uses-permission android:name="android.permission.BLUETOOTH_ADMIN" />
14-->src\main\AndroidManifest.xml:5:3-72
14-->src\main\AndroidManifest.xml:5:20-69
15    <uses-permission android:name="android.permission.BLUETOOTH_SCAN" />
15-->src\main\AndroidManifest.xml:6:3-71
15-->src\main\AndroidManifest.xml:6:20-68
16    <uses-permission android:name="android.permission.BLUETOOTH_CONNECT" />
16-->src\main\AndroidManifest.xml:7:3-74
16-->src\main\AndroidManifest.xml:7:20-71
17    <uses-permission android:name="android.permission.ACCESS_WIFI_STATE" />
17-->src\main\AndroidManifest.xml:8:3-74
17-->src\main\AndroidManifest.xml:8:20-71
18    <uses-permission android:name="android.permission.CHANGE_WIFI_STATE" />
18-->src\main\AndroidManifest.xml:9:3-74
18-->src\main\AndroidManifest.xml:9:20-71
19    <uses-permission android:name="android.permission.ACCESS_COARSE_LOCATION" />
19-->src\main\AndroidManifest.xml:10:3-79
19-->src\main\AndroidManifest.xml:10:20-76
20    <uses-permission android:name="android.permission.WRITE_EXTERNAL_STORAGE" />
20-->src\main\AndroidManifest.xml:11:3-79
20-->src\main\AndroidManifest.xml:11:20-76
21    <uses-permission android:name="android.permission.ACCESS_FINE_LOCATION" />
21-->src\main\AndroidManifest.xml:12:3-77
21-->src\main\AndroidManifest.xml:12:20-74
22    <uses-permission android:name="android.permission.USE_BIOMETRIC" />
22-->src\main\AndroidManifest.xml:13:3-69
22-->src\main\AndroidManifest.xml:13:20-67
23    <!-- <uses-permission android:name="android.permission.ACCESS_BACKGROUND_LOCATION" /> -->
24    <uses-permission android:name="android.permission.FOREGROUND_SERVICE" />
24-->src\main\AndroidManifest.xml:15:3-75
24-->src\main\AndroidManifest.xml:15:20-72
25    <uses-permission android:name="android.permission.READ_EXTERNAL_STORAGE" />
25-->[:file_picker] AndroidManifest.xml:7:5-80
25-->[:file_picker] AndroidManifest.xml:7:22-77
26
27    <queries>
27-->[:file_picker] AndroidManifest.xml:9:5-15:15
28        <intent>
28-->[:file_picker] AndroidManifest.xml:10:9-14:18
29            <action android:name="android.intent.action.GET_CONTENT" />
29-->[:file_picker] AndroidManifest.xml:11:13-72
29-->[:file_picker] AndroidManifest.xml:11:21-69
30
31            <data android:mimeType="*/*" />
31-->[:file_picker] AndroidManifest.xml:13:13-44
31-->[:file_picker] AndroidManifest.xml:13:19-41
32        </intent>
33        <intent>
33-->[com.android.billingclient:billing:5.1.0] AndroidManifest.xml:17:9-19:18
34            <action android:name="com.android.vending.billing.InAppBillingService.BIND" />
34-->[com.android.billingclient:billing:5.1.0] AndroidManifest.xml:18:13-91
34-->[com.android.billingclient:billing:5.1.0] AndroidManifest.xml:18:21-88
35        </intent>
36    </queries>
37
38    <uses-permission android:name="android.permission.CAMERA" />
38-->[:flutter_barcode_scanner] AndroidManifest.xml:9:5-65
38-->[:flutter_barcode_scanner] AndroidManifest.xml:9:22-62
39
40    <uses-feature android:name="android.hardware.camera" />
40-->[:flutter_barcode_scanner] AndroidManifest.xml:11:5-60
40-->[:flutter_barcode_scanner] AndroidManifest.xml:11:19-57
41
42    <uses-permission android:name="android.permission.FLASHLIGHT" />
42-->[:flutter_barcode_scanner] AndroidManifest.xml:13:5-69
42-->[:flutter_barcode_scanner] AndroidManifest.xml:13:22-66
43    <uses-permission android:name="android.permission.USE_FINGERPRINT" />
43-->[:local_auth] AndroidManifest.xml:9:5-74
43-->[:local_auth] AndroidManifest.xml:9:22-71
44    <!--
45         Needed only if your app makes the device discoverable to Bluetooth
46         devices.
47    -->
48    <uses-permission android:name="android.permission.BLUETOOTH_ADVERTISE" />
48-->[:blue_thermal_printer] AndroidManifest.xml:25:5-78
48-->[:blue_thermal_printer] AndroidManifest.xml:25:22-75
49
50    <uses-feature android:name="android.hardware.wifi" />
50-->[:wifi_iot] AndroidManifest.xml:7:5-58
50-->[:wifi_iot] AndroidManifest.xml:7:19-55
51
52    <uses-permission android:name="android.permission.ACCESS_NETWORK_STATE" />
52-->[:wifi_iot] AndroidManifest.xml:11:5-79
52-->[:wifi_iot] AndroidManifest.xml:11:22-76
53    <uses-permission android:name="android.permission.CHANGE_NETWORK_STATE" />
53-->[:wifi_iot] AndroidManifest.xml:12:5-79
53-->[:wifi_iot] AndroidManifest.xml:12:22-76
54    <uses-permission android:name="android.permission.WRITE_SETTINGS" />
54-->[:wifi_iot] AndroidManifest.xml:17:5-73
54-->[:wifi_iot] AndroidManifest.xml:17:22-70
55    <uses-permission android:name="android.permission.WAKE_LOCK" />
55-->[com.google.android.gms:play-services-measurement-api:21.2.2] AndroidManifest.xml:24:5-68
55-->[com.google.android.gms:play-services-measurement-api:21.2.2] AndroidManifest.xml:24:22-65
56    <uses-permission android:name="com.google.android.gms.permission.AD_ID" />
56-->[com.google.android.gms:play-services-measurement-api:21.2.2] AndroidManifest.xml:25:5-79
56-->[com.google.android.gms:play-services-measurement-api:21.2.2] AndroidManifest.xml:25:22-76
57    <uses-permission android:name="com.google.android.finsky.permission.BIND_GET_INSTALL_REFERRER_SERVICE" />
57-->[com.google.android.gms:play-services-measurement:21.2.2] AndroidManifest.xml:26:5-110
57-->[com.google.android.gms:play-services-measurement:21.2.2] AndroidManifest.xml:26:22-107
58    <uses-permission android:name="com.android.vending.BILLING" />
58-->[com.android.billingclient:billing:5.1.0] AndroidManifest.xml:10:5-67
58-->[com.android.billingclient:billing:5.1.0] AndroidManifest.xml:10:22-64
59
60    <uses-feature
60-->[com.journeyapps:zxing-android-embedded:3.6.0] AndroidManifest.xml:28:5-30:36
61        android:name="android.hardware.camera.front"
61-->[com.journeyapps:zxing-android-embedded:3.6.0] AndroidManifest.xml:29:9-53
62        android:required="false" /> <!-- TODO replace above two with next line after Android 4.2 -->
62-->[com.journeyapps:zxing-android-embedded:3.6.0] AndroidManifest.xml:30:9-33
63    <!-- <uses-feature android:name="android.hardware.camera.any"/> -->
64    <uses-feature
64-->[com.journeyapps:zxing-android-embedded:3.6.0] AndroidManifest.xml:33:5-35:36
65        android:name="android.hardware.camera.autofocus"
65-->[com.journeyapps:zxing-android-embedded:3.6.0] AndroidManifest.xml:34:9-57
66        android:required="false" />
66-->[com.journeyapps:zxing-android-embedded:3.6.0] AndroidManifest.xml:35:9-33
67    <uses-feature
67-->[com.journeyapps:zxing-android-embedded:3.6.0] AndroidManifest.xml:36:5-38:36
68        android:name="android.hardware.camera.flash"
68-->[com.journeyapps:zxing-android-embedded:3.6.0] AndroidManifest.xml:37:9-53
69        android:required="false" />
69-->[com.journeyapps:zxing-android-embedded:3.6.0] AndroidManifest.xml:38:9-33
70    <uses-feature
70-->[com.journeyapps:zxing-android-embedded:3.6.0] AndroidManifest.xml:39:5-41:36
71        android:name="android.hardware.screen.landscape"
71-->[com.journeyapps:zxing-android-embedded:3.6.0] AndroidManifest.xml:40:9-57
72        android:required="false" /> <!-- <uses-permission android:name="android.permission.ACCESS_BACKGROUND_LOCATION"/> -->
72-->[com.journeyapps:zxing-android-embedded:3.6.0] AndroidManifest.xml:41:9-33
73    <application
73-->src\main\AndroidManifest.xml:17:3-46:17
74        android:appComponentFactory="androidx.core.app.CoreComponentFactory"
74-->[androidx.core:core:1.8.0] AndroidManifest.xml:24:18-86
75        android:icon="@mipmap/ic_launcher"
75-->src\main\AndroidManifest.xml:17:37-71
76        android:label="Aovi"
76-->src\main\AndroidManifest.xml:17:16-36
77        android:largeHeap="true"
77-->[:flutter_barcode_scanner] AndroidManifest.xml:16:9-33
78        android:theme="@style/Theme.AppCompat.NoActionBar" >
78-->[:flutter_barcode_scanner] AndroidManifest.xml:17:9-59
79        <activity
79-->src\main\AndroidManifest.xml:18:5-41:16
80            android:name="com.project.aovipos.MainActivity"
80-->src\main\AndroidManifest.xml:18:15-43
81            android:configChanges="orientation|keyboardHidden|keyboard|screenSize|smallestScreenSize|locale|layoutDirection|fontScale|screenLayout|density|uiMode"
81-->src\main\AndroidManifest.xml:20:7-157
82            android:exported="true"
82-->src\main\AndroidManifest.xml:22:7-30
83            android:hardwareAccelerated="true"
83-->src\main\AndroidManifest.xml:21:7-41
84            android:launchMode="singleTop"
84-->src\main\AndroidManifest.xml:18:44-74
85            android:theme="@style/LaunchTheme"
85-->src\main\AndroidManifest.xml:19:7-41
86            android:windowSoftInputMode="adjustResize" >
86-->src\main\AndroidManifest.xml:21:42-84
87
88            <!--
89           Specifies an Android theme to apply to this Activity as soon as
90                 the Android process has started. This theme is visible to the user
91                 while the Flutter UI initializes. After that, this theme continues
92                 to determine the Window background behind the Flutter UI.
93            -->
94            <meta-data
94-->src\main\AndroidManifest.xml:28:7-29:49
95                android:name="io.flutter.embedding.android.NormalTheme"
95-->src\main\AndroidManifest.xml:28:18-73
96                android:resource="@style/NormalTheme" />
96-->src\main\AndroidManifest.xml:29:9-46
97            <!--
98           Displays an Android View that continues showing the launch screen
99                 Drawable until Flutter paints its first frame, then this splash
100                 screen fades out. A splash screen is useful to avoid any visual
101                 gap between the end of Android's launch screen and the painting of
102                 Flutter's first frame.
103            -->
104            <meta-data
104-->src\main\AndroidManifest.xml:35:7-36:58
105                android:name="io.flutter.embedding.android.SplashScreenDrawable"
105-->src\main\AndroidManifest.xml:35:18-82
106                android:resource="@drawable/launch_background" />
106-->src\main\AndroidManifest.xml:36:9-55
107
108            <intent-filter>
108-->src\main\AndroidManifest.xml:37:7-40:23
109                <action android:name="android.intent.action.MAIN" />
109-->src\main\AndroidManifest.xml:38:9-61
109-->src\main\AndroidManifest.xml:38:17-58
110
111                <category android:name="android.intent.category.LAUNCHER" />
111-->src\main\AndroidManifest.xml:39:9-69
111-->src\main\AndroidManifest.xml:39:19-66
112            </intent-filter>
113        </activity>
114        <!--
115         Don't delete the meta-data below.
116             This is used by the Flutter tool to generate GeneratedPluginRegistrant.java
117        -->
118        <meta-data
118-->src\main\AndroidManifest.xml:44:5-68
119            android:name="flutterEmbedding"
119-->src\main\AndroidManifest.xml:44:16-47
120            android:value="2" />
120-->src\main\AndroidManifest.xml:44:48-65
121
122        <service
122-->[:firebase_dynamic_links] AndroidManifest.xml:10:9-14:19
123            android:name="com.google.firebase.components.ComponentDiscoveryService"
123-->[:firebase_dynamic_links] AndroidManifest.xml:10:18-89
124            android:directBootAware="true"
124-->[com.google.firebase:firebase-common:20.3.2] AndroidManifest.xml:34:13-43
125            android:exported="false" >
125-->[com.google.firebase:firebase-auth:22.0.0] AndroidManifest.xml:68:13-37
126            <meta-data
126-->[:firebase_dynamic_links] AndroidManifest.xml:11:13-13:85
127                android:name="com.google.firebase.components:io.flutter.plugins.firebase.dynamiclinks.FlutterFirebaseAppRegistrar"
127-->[:firebase_dynamic_links] AndroidManifest.xml:12:17-131
128                android:value="com.google.firebase.components.ComponentRegistrar" />
128-->[:firebase_dynamic_links] AndroidManifest.xml:13:17-82
129            <meta-data
129-->[:firebase_auth] AndroidManifest.xml:9:13-11:85
130                android:name="com.google.firebase.components:io.flutter.plugins.firebase.auth.FlutterFirebaseAuthRegistrar"
130-->[:firebase_auth] AndroidManifest.xml:10:17-124
131                android:value="com.google.firebase.components.ComponentRegistrar" />
131-->[:firebase_auth] AndroidManifest.xml:11:17-82
132            <meta-data
132-->[:firebase_core] AndroidManifest.xml:9:13-11:85
133                android:name="com.google.firebase.components:io.flutter.plugins.firebase.core.FlutterFirebaseCoreRegistrar"
133-->[:firebase_core] AndroidManifest.xml:10:17-124
134                android:value="com.google.firebase.components.ComponentRegistrar" />
134-->[:firebase_core] AndroidManifest.xml:11:17-82
135            <meta-data
135-->[com.google.firebase:firebase-auth:22.0.0] AndroidManifest.xml:69:13-71:85
136                android:name="com.google.firebase.components:com.google.firebase.auth.FirebaseAuthRegistrar"
136-->[com.google.firebase:firebase-auth:22.0.0] AndroidManifest.xml:70:17-109
137                android:value="com.google.firebase.components.ComponentRegistrar" />
137-->[com.google.firebase:firebase-auth:22.0.0] AndroidManifest.xml:71:17-82
138            <meta-data
138-->[com.google.firebase:firebase-dynamic-links:21.1.0] AndroidManifest.xml:26:13-28:85
139                android:name="com.google.firebase.components:com.google.firebase.dynamiclinks.internal.FirebaseDynamicLinkRegistrar"
139-->[com.google.firebase:firebase-dynamic-links:21.1.0] AndroidManifest.xml:27:17-133
140                android:value="com.google.firebase.components.ComponentRegistrar" />
140-->[com.google.firebase:firebase-dynamic-links:21.1.0] AndroidManifest.xml:28:17-82
141            <meta-data
141-->[com.google.android.gms:play-services-measurement-api:21.2.2] AndroidManifest.xml:31:13-33:85
142                android:name="com.google.firebase.components:com.google.firebase.analytics.connector.internal.AnalyticsConnectorRegistrar"
142-->[com.google.android.gms:play-services-measurement-api:21.2.2] AndroidManifest.xml:32:17-139
143                android:value="com.google.firebase.components.ComponentRegistrar" />
143-->[com.google.android.gms:play-services-measurement-api:21.2.2] AndroidManifest.xml:33:17-82
144            <meta-data
144-->[com.google.firebase:firebase-installations:17.1.3] AndroidManifest.xml:17:13-19:85
145                android:name="com.google.firebase.components:com.google.firebase.installations.FirebaseInstallationsRegistrar"
145-->[com.google.firebase:firebase-installations:17.1.3] AndroidManifest.xml:18:17-127
146                android:value="com.google.firebase.components.ComponentRegistrar" />
146-->[com.google.firebase:firebase-installations:17.1.3] AndroidManifest.xml:19:17-82
147        </service>
148
149        <activity android:name="com.amolg.flutterbarcodescanner.BarcodeCaptureActivity" />
149-->[:flutter_barcode_scanner] AndroidManifest.xml:18:9-91
149-->[:flutter_barcode_scanner] AndroidManifest.xml:18:19-88
150
151        <provider
151-->[:image_picker_android] AndroidManifest.xml:8:9-16:20
152            android:name="io.flutter.plugins.imagepicker.ImagePickerFileProvider"
152-->[:image_picker_android] AndroidManifest.xml:9:13-82
153            android:authorities="com.project.aovipos.flutter.image_provider"
153-->[:image_picker_android] AndroidManifest.xml:10:13-74
154            android:exported="false"
154-->[:image_picker_android] AndroidManifest.xml:11:13-37
155            android:grantUriPermissions="true" >
155-->[:image_picker_android] AndroidManifest.xml:12:13-47
156            <meta-data
156-->[:image_picker_android] AndroidManifest.xml:13:13-15:75
157                android:name="android.support.FILE_PROVIDER_PATHS"
157-->[:image_picker_android] AndroidManifest.xml:14:17-67
158                android:resource="@xml/flutter_image_picker_file_paths" />
158-->[:image_picker_android] AndroidManifest.xml:15:17-72
159        </provider>
160
161        <activity
161-->[:url_launcher_android] AndroidManifest.xml:8:9-11:74
162            android:name="io.flutter.plugins.urllauncher.WebViewActivity"
162-->[:url_launcher_android] AndroidManifest.xml:9:13-74
163            android:exported="false"
163-->[:url_launcher_android] AndroidManifest.xml:10:13-37
164            android:theme="@android:style/Theme.NoTitleBar.Fullscreen" />
164-->[:url_launcher_android] AndroidManifest.xml:11:13-71
165
166        <provider
166-->[:printing] AndroidManifest.xml:8:9-16:20
167            android:name="net.nfet.flutter.printing.PrintFileProvider"
167-->[:printing] AndroidManifest.xml:9:13-71
168            android:authorities="com.project.aovipos.flutter.printing"
168-->[:printing] AndroidManifest.xml:10:13-68
169            android:exported="false"
169-->[:printing] AndroidManifest.xml:11:13-37
170            android:grantUriPermissions="true" >
170-->[:printing] AndroidManifest.xml:12:13-47
171            <meta-data
171-->[:image_picker_android] AndroidManifest.xml:13:13-15:75
172                android:name="android.support.FILE_PROVIDER_PATHS"
172-->[:image_picker_android] AndroidManifest.xml:14:17-67
173                android:resource="@xml/flutter_printing_file_paths" />
173-->[:image_picker_android] AndroidManifest.xml:15:17-72
174        </provider>
175
176        <activity
176-->[com.google.firebase:firebase-auth:22.0.0] AndroidManifest.xml:29:9-46:20
177            android:name="com.google.firebase.auth.internal.GenericIdpActivity"
177-->[com.google.firebase:firebase-auth:22.0.0] AndroidManifest.xml:30:13-80
178            android:excludeFromRecents="true"
178-->[com.google.firebase:firebase-auth:22.0.0] AndroidManifest.xml:31:13-46
179            android:exported="true"
179-->[com.google.firebase:firebase-auth:22.0.0] AndroidManifest.xml:32:13-36
180            android:launchMode="singleTask"
180-->[com.google.firebase:firebase-auth:22.0.0] AndroidManifest.xml:33:13-44
181            android:theme="@android:style/Theme.Translucent.NoTitleBar" >
181-->[com.google.firebase:firebase-auth:22.0.0] AndroidManifest.xml:34:13-72
182            <intent-filter>
182-->[com.google.firebase:firebase-auth:22.0.0] AndroidManifest.xml:35:13-45:29
183                <action android:name="android.intent.action.VIEW" />
183-->[com.google.firebase:firebase-auth:22.0.0] AndroidManifest.xml:36:17-69
183-->[com.google.firebase:firebase-auth:22.0.0] AndroidManifest.xml:36:25-66
184
185                <category android:name="android.intent.category.DEFAULT" />
185-->[com.google.firebase:firebase-auth:22.0.0] AndroidManifest.xml:38:17-76
185-->[com.google.firebase:firebase-auth:22.0.0] AndroidManifest.xml:38:27-73
186                <category android:name="android.intent.category.BROWSABLE" />
186-->[com.google.firebase:firebase-auth:22.0.0] AndroidManifest.xml:39:17-78
186-->[com.google.firebase:firebase-auth:22.0.0] AndroidManifest.xml:39:27-75
187
188                <data
188-->[:file_picker] AndroidManifest.xml:13:13-44
189                    android:host="firebase.auth"
190                    android:path="/"
191                    android:scheme="genericidp" />
192            </intent-filter>
193        </activity>
194        <activity
194-->[com.google.firebase:firebase-auth:22.0.0] AndroidManifest.xml:47:9-64:20
195            android:name="com.google.firebase.auth.internal.RecaptchaActivity"
195-->[com.google.firebase:firebase-auth:22.0.0] AndroidManifest.xml:48:13-79
196            android:excludeFromRecents="true"
196-->[com.google.firebase:firebase-auth:22.0.0] AndroidManifest.xml:49:13-46
197            android:exported="true"
197-->[com.google.firebase:firebase-auth:22.0.0] AndroidManifest.xml:50:13-36
198            android:launchMode="singleTask"
198-->[com.google.firebase:firebase-auth:22.0.0] AndroidManifest.xml:51:13-44
199            android:theme="@android:style/Theme.Translucent.NoTitleBar" >
199-->[com.google.firebase:firebase-auth:22.0.0] AndroidManifest.xml:52:13-72
200            <intent-filter>
200-->[com.google.firebase:firebase-auth:22.0.0] AndroidManifest.xml:53:13-63:29
201                <action android:name="android.intent.action.VIEW" />
201-->[com.google.firebase:firebase-auth:22.0.0] AndroidManifest.xml:36:17-69
201-->[com.google.firebase:firebase-auth:22.0.0] AndroidManifest.xml:36:25-66
202
203                <category android:name="android.intent.category.DEFAULT" />
203-->[com.google.firebase:firebase-auth:22.0.0] AndroidManifest.xml:38:17-76
203-->[com.google.firebase:firebase-auth:22.0.0] AndroidManifest.xml:38:27-73
204                <category android:name="android.intent.category.BROWSABLE" />
204-->[com.google.firebase:firebase-auth:22.0.0] AndroidManifest.xml:39:17-78
204-->[com.google.firebase:firebase-auth:22.0.0] AndroidManifest.xml:39:27-75
205
206                <data
206-->[:file_picker] AndroidManifest.xml:13:13-44
207                    android:host="firebase.auth"
208                    android:path="/"
209                    android:scheme="recaptcha" />
210            </intent-filter>
211        </activity>
212        <activity
212-->[com.google.android.gms:play-services-auth:20.4.1] AndroidManifest.xml:23:9-27:75
213            android:name="com.google.android.gms.auth.api.signin.internal.SignInHubActivity"
213-->[com.google.android.gms:play-services-auth:20.4.1] AndroidManifest.xml:24:13-93
214            android:excludeFromRecents="true"
214-->[com.google.android.gms:play-services-auth:20.4.1] AndroidManifest.xml:25:13-46
215            android:exported="false"
215-->[com.google.android.gms:play-services-auth:20.4.1] AndroidManifest.xml:26:13-37
216            android:theme="@android:style/Theme.Translucent.NoTitleBar" />
216-->[com.google.android.gms:play-services-auth:20.4.1] AndroidManifest.xml:27:13-72
217        <!--
218            Service handling Google Sign-In user revocation. For apps that do not integrate with
219            Google Sign-In, this service will never be started.
220        -->
221        <service
221-->[com.google.android.gms:play-services-auth:20.4.1] AndroidManifest.xml:33:9-37:51
222            android:name="com.google.android.gms.auth.api.signin.RevocationBoundService"
222-->[com.google.android.gms:play-services-auth:20.4.1] AndroidManifest.xml:34:13-89
223            android:exported="true"
223-->[com.google.android.gms:play-services-auth:20.4.1] AndroidManifest.xml:35:13-36
224            android:permission="com.google.android.gms.auth.api.signin.permission.REVOCATION_NOTIFICATION"
224-->[com.google.android.gms:play-services-auth:20.4.1] AndroidManifest.xml:36:13-107
225            android:visibleToInstantApps="true" />
225-->[com.google.android.gms:play-services-auth:20.4.1] AndroidManifest.xml:37:13-48
226
227        <provider
227-->[com.google.firebase:firebase-common:20.3.2] AndroidManifest.xml:25:9-30:39
228            android:name="com.google.firebase.provider.FirebaseInitProvider"
228-->[com.google.firebase:firebase-common:20.3.2] AndroidManifest.xml:26:13-77
229            android:authorities="com.project.aovipos.firebaseinitprovider"
229-->[com.google.firebase:firebase-common:20.3.2] AndroidManifest.xml:27:13-72
230            android:directBootAware="true"
230-->[com.google.firebase:firebase-common:20.3.2] AndroidManifest.xml:28:13-43
231            android:exported="false"
231-->[com.google.firebase:firebase-common:20.3.2] AndroidManifest.xml:29:13-37
232            android:initOrder="100" />
232-->[com.google.firebase:firebase-common:20.3.2] AndroidManifest.xml:30:13-36
233
234        <receiver
234-->[com.google.android.gms:play-services-measurement:21.2.2] AndroidManifest.xml:29:9-33:20
235            android:name="com.google.android.gms.measurement.AppMeasurementReceiver"
235-->[com.google.android.gms:play-services-measurement:21.2.2] AndroidManifest.xml:30:13-85
236            android:enabled="true"
236-->[com.google.android.gms:play-services-measurement:21.2.2] AndroidManifest.xml:31:13-35
237            android:exported="false" >
237-->[com.google.android.gms:play-services-measurement:21.2.2] AndroidManifest.xml:32:13-37
238        </receiver>
239
240        <service
240-->[com.google.android.gms:play-services-measurement:21.2.2] AndroidManifest.xml:35:9-38:40
241            android:name="com.google.android.gms.measurement.AppMeasurementService"
241-->[com.google.android.gms:play-services-measurement:21.2.2] AndroidManifest.xml:36:13-84
242            android:enabled="true"
242-->[com.google.android.gms:play-services-measurement:21.2.2] AndroidManifest.xml:37:13-35
243            android:exported="false" />
243-->[com.google.android.gms:play-services-measurement:21.2.2] AndroidManifest.xml:38:13-37
244        <service
244-->[com.google.android.gms:play-services-measurement:21.2.2] AndroidManifest.xml:39:9-43:72
245            android:name="com.google.android.gms.measurement.AppMeasurementJobService"
245-->[com.google.android.gms:play-services-measurement:21.2.2] AndroidManifest.xml:40:13-87
246            android:enabled="true"
246-->[com.google.android.gms:play-services-measurement:21.2.2] AndroidManifest.xml:41:13-35
247            android:exported="false"
247-->[com.google.android.gms:play-services-measurement:21.2.2] AndroidManifest.xml:42:13-37
248            android:permission="android.permission.BIND_JOB_SERVICE" />
248-->[com.google.android.gms:play-services-measurement:21.2.2] AndroidManifest.xml:43:13-69
249
250        <activity
250-->[com.google.android.gms:play-services-base:18.0.1] AndroidManifest.xml:20:9-22:45
251            android:name="com.google.android.gms.common.api.GoogleApiActivity"
251-->[com.google.android.gms:play-services-base:18.0.1] AndroidManifest.xml:20:19-85
252            android:exported="false"
252-->[com.google.android.gms:play-services-base:18.0.1] AndroidManifest.xml:22:19-43
253            android:theme="@android:style/Theme.Translucent.NoTitleBar" />
253-->[com.google.android.gms:play-services-base:18.0.1] AndroidManifest.xml:21:19-78
254
255        <meta-data
255-->[com.google.android.gms:play-services-basement:18.1.0] AndroidManifest.xml:21:9-23:69
256            android:name="com.google.android.gms.version"
256-->[com.google.android.gms:play-services-basement:18.1.0] AndroidManifest.xml:22:13-58
257            android:value="@integer/google_play_services_version" />
257-->[com.google.android.gms:play-services-basement:18.1.0] AndroidManifest.xml:23:13-66
258
259        <uses-library
259-->[androidx.window:window:1.0.0-beta04] AndroidManifest.xml:25:9-27:40
260            android:name="androidx.window.extensions"
260-->[androidx.window:window:1.0.0-beta04] AndroidManifest.xml:26:13-54
261            android:required="false" />
261-->[androidx.window:window:1.0.0-beta04] AndroidManifest.xml:27:13-37
262        <uses-library
262-->[androidx.window:window:1.0.0-beta04] AndroidManifest.xml:28:9-30:40
263            android:name="androidx.window.sidecar"
263-->[androidx.window:window:1.0.0-beta04] AndroidManifest.xml:29:13-51
264            android:required="false" />
264-->[androidx.window:window:1.0.0-beta04] AndroidManifest.xml:30:13-37
265
266        <provider
266-->[androidx.emoji2:emoji2:1.0.0] AndroidManifest.xml:26:9-34:20
267            android:name="androidx.startup.InitializationProvider"
267-->[androidx.emoji2:emoji2:1.0.0] AndroidManifest.xml:27:13-67
268            android:authorities="com.project.aovipos.androidx-startup"
268-->[androidx.emoji2:emoji2:1.0.0] AndroidManifest.xml:28:13-68
269            android:exported="false" >
269-->[androidx.emoji2:emoji2:1.0.0] AndroidManifest.xml:29:13-37
270            <meta-data
270-->[androidx.emoji2:emoji2:1.0.0] AndroidManifest.xml:31:13-33:52
271                android:name="androidx.emoji2.text.EmojiCompatInitializer"
271-->[androidx.emoji2:emoji2:1.0.0] AndroidManifest.xml:32:17-75
272                android:value="androidx.startup" />
272-->[androidx.emoji2:emoji2:1.0.0] AndroidManifest.xml:33:17-49
273            <meta-data
273-->[androidx.lifecycle:lifecycle-process:2.4.0] AndroidManifest.xml:31:13-33:52
274                android:name="androidx.lifecycle.ProcessLifecycleInitializer"
274-->[androidx.lifecycle:lifecycle-process:2.4.0] AndroidManifest.xml:32:17-78
275                android:value="androidx.startup" />
275-->[androidx.lifecycle:lifecycle-process:2.4.0] AndroidManifest.xml:33:17-49
276        </provider>
277
278        <meta-data
278-->[com.android.billingclient:billing:5.1.0] AndroidManifest.xml:23:9-25:37
279            android:name="com.google.android.play.billingclient.version"
279-->[com.android.billingclient:billing:5.1.0] AndroidManifest.xml:24:13-73
280            android:value="5.1.0" />
280-->[com.android.billingclient:billing:5.1.0] AndroidManifest.xml:25:13-34
281
282        <activity
282-->[com.android.billingclient:billing:5.1.0] AndroidManifest.xml:27:9-31:75
283            android:name="com.android.billingclient.api.ProxyBillingActivity"
283-->[com.android.billingclient:billing:5.1.0] AndroidManifest.xml:28:13-78
284            android:configChanges="keyboard|keyboardHidden|screenLayout|screenSize|orientation"
284-->[com.android.billingclient:billing:5.1.0] AndroidManifest.xml:29:13-96
285            android:exported="false"
285-->[com.android.billingclient:billing:5.1.0] AndroidManifest.xml:30:13-37